<?xml version="1.0" encoding="UTF-8"?>
<!-- Generated by org.testng.reporters.JUnitXMLReporter -->
<testsuite ignored="0" hostname="Deepa_Mattur" failures="0" tests="3" name="Default test" time="51.462" errors="0" timestamp="2026-03-06T22:44:36 IST">
  <testcase classname="com.ohrm.qa.tests.LoginTest" name="InvalidLoginUser" time="3.548"/>
  <testcase classname="com.ohrm.qa.tests.LoginTest" name="InvalidLoginUser" time="3.566"/>
  <testcase classname="com.ohrm.qa.tests.LoginTest" name="validLoginUser" time="9.18"/>
</testsuite> <!-- Default test -->
