<?xml version="1.0" encoding="UTF-8"?>
<!-- Generated by org.testng.reporters.JUnitXMLReporter -->
<testsuite ignored="0" hostname="Deepa_Mattur" failures="0" tests="3" name="LoginTest" time="63.27" errors="0" timestamp="2026-03-07T13:50:59 IST">
  <testcase classname="com.ohrm.qa.tests.LoginTest" name="InvalidLoginUser" time="4.506"/>
  <testcase classname="com.ohrm.qa.tests.LoginTest" name="InvalidLoginUser" time="3.985"/>
  <testcase classname="com.ohrm.qa.tests.LoginTest" name="validLoginUser" time="7.53"/>
</testsuite> <!-- LoginTest -->
