<?xml version="1.0" encoding="UTF-8"?>
<!-- Generated by org.testng.reporters.JUnitReportReporter -->
<testsuite hostname="Deepa_Mattur" failures="0" tests="2" name="com.ohrm.qa.tests.EmployeeTest" time="26.063" errors="0" timestamp="2026-03-07T13:50:59 IST" skipped="0">
  <testcase classname="com.ohrm.qa.tests.EmployeeTest" name="createEmployee1" time="20.859"/>
  <testcase classname="com.ohrm.qa.tests.EmployeeTest" name="searchNewUserByValidID" time="5.204"/>
</testsuite> <!-- com.ohrm.qa.tests.EmployeeTest -->
