<?xml version="1.0" encoding="UTF-8"?>
<!-- Generated by org.testng.reporters.JUnitReportReporter -->
<testsuite hostname="Deepa_Mattur" failures="0" tests="3" name="com.ohrm.qa.tests.LoginTest" time="62.651" errors="0" timestamp="2026-03-07T13:50:59 IST" skipped="0">
  <testcase classname="com.ohrm.qa.tests.LoginTest" name="validLoginUser" time="17.935"/>
  <testcase classname="com.ohrm.qa.tests.LoginTest" name="InvalidLoginUser" time="15.992"/>
  <testcase classname="com.ohrm.qa.tests.LoginTest" name="InvalidLoginUser" time="28.724"/>
</testsuite> <!-- com.ohrm.qa.tests.LoginTest -->
